#
# A fatal error has been detected by the Java Runtime Environment:
#
#  Internal Error (constantTag.cpp:59), pid=13728, tid=0x0000000000001bdc
#  Error: ShouldNotReachHere()
#
# JRE version: Java(TM) SE Runtime Environment (8.0_281-b09) (build 1.8.0_281-b09)
# Java VM: Java HotSpot(TM) 64-Bit Server VM (25.281-b09 mixed mode windows-amd64 compressed oops)
# Failed to write core dump. Minidumps are not enabled by default on client versions of Windows
#
# If you would like to submit a bug report, please visit:
#   http://bugreport.java.com/bugreport/crash.jsp
#

---------------  T H R E A D  ---------------

Current thread (0x00000251f3623000):  VMThread [stack: 0x0000007904900000,0x0000007904a00000] [id=7132]

Stack: [0x0000007904900000,0x0000007904a00000]
Native frames: (J=compiled Java code, j=interpreted, Vv=VM code, C=native code)
V  [jvm.dll+0x32e5b9]
V  [jvm.dll+0x275012]
V  [jvm.dll+0x275cbd]
V  [jvm.dll+0x26c592]
V  [jvm.dll+0x26b11f]
V  [jvm.dll+0xb859a]
V  [jvm.dll+0x1075b6]
V  [jvm.dll+0x10902e]
V  [jvm.dll+0x10669a]
V  [jvm.dll+0x10582a]
V  [jvm.dll+0xcd14b]
V  [jvm.dll+0xcdbe3]
V  [jvm.dll+0x112634]
V  [jvm.dll+0x135930]
V  [jvm.dll+0x1b8ce1]
V  [jvm.dll+0x245447]
V  [jvm.dll+0x243bb5]
V  [jvm.dll+0x24432c]
V  [jvm.dll+0x24463c]
V  [jvm.dll+0x291cbc]
C  [ucrtbase.dll+0x21bb2]
C  [KERNEL32.DLL+0x17034]
C  [ntdll.dll+0x52651]

VM_Operation (0x0000007904eff4b0): GetOrSetLocal, mode: safepoint, requested by thread 0x00000251f368c000


---------------  P R O C E S S  ---------------

Java Threads: ( => current thread )
  0x00000251f544e000 JavaThread "Okio Watchdog" daemon [_thread_blocked, id=13520, stack(0x0000007905e00000,0x0000007905f00000)]
  0x00000251f50a5800 JavaThread "Exec Stream Pumper" daemon [_thread_in_native, id=13760, stack(0x0000007905b00000,0x0000007905c00000)]
  0x00000251f50a2000 JavaThread "Exec Stream Pumper" daemon [_thread_in_native, id=9648, stack(0x0000007905a00000,0x0000007905b00000)]
  0x00000251f50a1000 JavaThread "Exec Default Executor" daemon [_thread_in_native, id=15152, stack(0x0000007905800000,0x0000007905900000)]
  0x00000251f4a85800 JavaThread "ReaderThread" [_thread_in_native, id=10904, stack(0x0000007905700000,0x0000007905800000)]
  0x00000251f3738000 JavaThread "Service Thread" daemon [_thread_blocked, id=11704, stack(0x0000007905400000,0x0000007905500000)]
  0x00000251f3706800 JavaThread "C1 CompilerThread2" daemon [_thread_blocked, id=11544, stack(0x0000007905300000,0x0000007905400000)]
  0x00000251f36a2800 JavaThread "C2 CompilerThread1" daemon [_thread_blocked, id=16532, stack(0x0000007905200000,0x0000007905300000)]
  0x00000251f36ac800 JavaThread "C2 CompilerThread0" daemon [_thread_blocked, id=11364, stack(0x0000007905100000,0x0000007905200000)]
  0x00000251f3690800 JavaThread "JDWP Command Reader" daemon [_thread_in_native, id=9032, stack(0x0000007905000000,0x0000007905100000)]
  0x00000251f368f000 JavaThread "JDWP Event Helper Thread" daemon [_thread_blocked, id=16812, stack(0x0000007904f00000,0x0000007905000000)]
  0x00000251f368c000 JavaThread "JDWP Transport Listener: dt_socket" daemon [_thread_blocked, id=8732, stack(0x0000007904e00000,0x0000007904f00000)]
  0x00000251f3666800 JavaThread "Attach Listener" daemon [_thread_blocked, id=7224, stack(0x0000007904d00000,0x0000007904e00000)]
  0x00000251f3665000 JavaThread "Signal Dispatcher" daemon [_thread_blocked, id=6952, stack(0x0000007904c00000,0x0000007904d00000)]
  0x00000251f364c800 JavaThread "Finalizer" daemon [_thread_blocked, id=8128, stack(0x0000007904b00000,0x0000007904c00000)]
  0x00000251f2f1a800 JavaThread "Reference Handler" daemon [_thread_blocked, id=14460, stack(0x0000007904a00000,0x0000007904b00000)]
  0x00000251df3fd800 JavaThread "main" [_thread_blocked, id=9688, stack(0x0000007904400000,0x0000007904500000)]

Other Threads:
=>0x00000251f3623000 VMThread [stack: 0x0000007904900000,0x0000007904a00000] [id=7132]
  0x00000251f3741000 WatcherThread [stack: 0x0000007905500000,0x0000007905600000] [id=17048]

VM state:at safepoint (normal execution)

VM Mutex/Monitor currently owned by a thread:  ([mutex/lock_event])
[0x00000251df3fa5e0] Threads_lock - owner thread: 0x00000251f3623000

heap address: 0x00000000c1400000, size: 1004 MB, Compressed Oops mode: 32-bit
Narrow klass base: 0x0000000000000000, Narrow klass shift: 3
Compressed class space size: 1073741824 Address: 0x0000000100000000

Heap:
 PSYoungGen      total 18944K, used 18561K [0x00000000eb180000, 0x00000000ec680000, 0x0000000100000000)
  eden space 16384K, 97% used [0x00000000eb180000,0x00000000ec1245b8,0x00000000ec180000)
  from space 2560K, 99% used [0x00000000ec180000,0x00000000ec3fc020,0x00000000ec400000)
  to   space 2560K, 0% used [0x00000000ec400000,0x00000000ec400000,0x00000000ec680000)
 ParOldGen       total 44032K, used 5661K [0x00000000c1400000, 0x00000000c3f00000, 0x00000000eb180000)
  object space 44032K, 12% used [0x00000000c1400000,0x00000000c1987678,0x00000000c3f00000)
 Metaspace       used 17542K, capacity 18210K, committed 18304K, reserved 1064960K
  class space    used 2211K, capacity 2395K, committed 2432K, reserved 1048576K

Card table byte_map: [0x00000251f0150000,0x00000251f0350000] byte_map_base: 0x00000251efb46000

Marking Bits: (ParMarkBitMap*) 0x000000005af96ff0
 Begin Bits: [0x00000251f04a0000, 0x00000251f1450000)
 End Bits:   [0x00000251f1450000, 0x00000251f2400000)

Polling page: 0x00000251df730000

CodeCache: size=245760Kb used=5982Kb max_used=6003Kb free=239777Kb
 bounds [0x00000251e0d90000, 0x00000251e1380000, 0x00000251efd90000]
 total_blobs=2129 nmethods=1714 adapters=335
 compilation: enabled

Compilation events (10 events):
Event: 20.460 Thread 0x00000251f3706800 1711       3       sun.misc.ProxyGenerator$ConstantPool::getString (21 bytes)
Event: 20.461 Thread 0x00000251f3706800 nmethod 1711 0x00000251e135e9d0 code [0x00000251e135eba0, 0x00000251e135f0f0]
Event: 20.461 Thread 0x00000251f3706800 1712       3       sun.misc.ProxyGenerator::code_ldc (64 bytes)
Event: 20.462 Thread 0x00000251f3706800 nmethod 1712 0x00000251e1361110 code [0x00000251e1361320, 0x00000251e1361f70]
Event: 20.471 Thread 0x00000251f3706800 1713       3       java.lang.Class::privateGetDeclaredMethods (67 bytes)
Event: 20.473 Thread 0x00000251f3706800 nmethod 1713 0x00000251e1362410 code [0x00000251e1362600, 0x00000251e1362f30]
Event: 20.476 Thread 0x00000251f36ac800 nmethod 1706 0x00000251e1366d90 code [0x00000251e1366f80, 0x00000251e1367e00]
Event: 20.476 Thread 0x00000251f36ac800 1710       4       sun.misc.ProxyGenerator$ConstantPool::getValue (91 bytes)
Event: 20.505 Thread 0x00000251f36ac800 nmethod 1710 0x00000251e1368b50 code [0x00000251e1368d20, 0x00000251e1369898]
Event: 20.531 Thread 0x00000251f36a2800 nmethod 1708 0x00000251e136e310 code [0x00000251e136e520, 0x00000251e1370d50]

GC Heap History (6 events):
Event: 2.688 GC heap before
{Heap before GC invocations=1 (full 0):
 PSYoungGen      total 18944K, used 16384K [0x00000000eb180000, 0x00000000ec680000, 0x0000000100000000)
  eden space 16384K, 100% used [0x00000000eb180000,0x00000000ec180000,0x00000000ec180000)
  from space 2560K, 0% used [0x00000000ec400000,0x00000000ec400000,0x00000000ec680000)
  to   space 2560K, 0% used [0x00000000ec180000,0x00000000ec180000,0x00000000ec400000)
 ParOldGen       total 44032K, used 0K [0x00000000c1400000, 0x00000000c3f00000, 0x00000000eb180000)
  object space 44032K, 0% used [0x00000000c1400000,0x00000000c1400000,0x00000000c3f00000)
 Metaspace       used 8947K, capacity 9032K, committed 9344K, reserved 1056768K
  class space    used 1051K, capacity 1074K, committed 1152K, reserved 1048576K
Event: 2.694 GC heap after
Heap after GC invocations=1 (full 0):
 PSYoungGen      total 18944K, used 2551K [0x00000000eb180000, 0x00000000ec680000, 0x0000000100000000)
  eden space 16384K, 0% used [0x00000000eb180000,0x00000000eb180000,0x00000000ec180000)
  from space 2560K, 99% used [0x00000000ec180000,0x00000000ec3fdde8,0x00000000ec400000)
  to   space 2560K, 0% used [0x00000000ec400000,0x00000000ec400000,0x00000000ec680000)
 ParOldGen       total 44032K, used 1142K [0x00000000c1400000, 0x00000000c3f00000, 0x00000000eb180000)
  object space 44032K, 2% used [0x00000000c1400000,0x00000000c151d838,0x00000000c3f00000)
 Metaspace       used 8947K, capacity 9032K, committed 9344K, reserved 1056768K
  class space    used 1051K, capacity 1074K, committed 1152K, reserved 1048576K
}
Event: 3.836 GC heap before
{Heap before GC invocations=2 (full 0):
 PSYoungGen      total 18944K, used 18935K [0x00000000eb180000, 0x00000000ec680000, 0x0000000100000000)
  eden space 16384K, 100% used [0x00000000eb180000,0x00000000ec180000,0x00000000ec180000)
  from space 2560K, 99% used [0x00000000ec180000,0x00000000ec3fdde8,0x00000000ec400000)
  to   space 2560K, 0% used [0x00000000ec400000,0x00000000ec400000,0x00000000ec680000)
 ParOldGen       total 44032K, used 1142K [0x00000000c1400000, 0x00000000c3f00000, 0x00000000eb180000)
  object space 44032K, 2% used [0x00000000c1400000,0x00000000c151d838,0x00000000c3f00000)
 Metaspace       used 12835K, capacity 13054K, committed 13440K, reserved 1060864K
  class space    used 1512K, capacity 1577K, committed 1664K, reserved 1048576K
Event: 3.844 GC heap after
Heap after GC invocations=2 (full 0):
 PSYoungGen      total 18944K, used 2544K [0x00000000eb180000, 0x00000000ec680000, 0x0000000100000000)
  eden space 16384K, 0% used [0x00000000eb180000,0x00000000eb180000,0x00000000ec180000)
  from space 2560K, 99% used [0x00000000ec400000,0x00000000ec67c010,0x00000000ec680000)
  to   space 2560K, 0% used [0x00000000ec180000,0x00000000ec180000,0x00000000ec400000)
 ParOldGen       total 44032K, used 3431K [0x00000000c1400000, 0x00000000c3f00000, 0x00000000eb180000)
  object space 44032K, 7% used [0x00000000c1400000,0x00000000c1759c58,0x00000000c3f00000)
 Metaspace       used 12835K, capacity 13054K, committed 13440K, reserved 1060864K
  class space    used 1512K, capacity 1577K, committed 1664K, reserved 1048576K
}
Event: 5.628 GC heap before
{Heap before GC invocations=3 (full 0):
 PSYoungGen      total 18944K, used 18928K [0x00000000eb180000, 0x00000000ec680000, 0x0000000100000000)
  eden space 16384K, 100% used [0x00000000eb180000,0x00000000ec180000,0x00000000ec180000)
  from space 2560K, 99% used [0x00000000ec400000,0x00000000ec67c010,0x00000000ec680000)
  to   space 2560K, 0% used [0x00000000ec180000,0x00000000ec180000,0x00000000ec400000)
 ParOldGen       total 44032K, used 3431K [0x00000000c1400000, 0x00000000c3f00000, 0x00000000eb180000)
  object space 44032K, 7% used [0x00000000c1400000,0x00000000c1759c58,0x00000000c3f00000)
 Metaspace       used 14964K, capacity 15444K, committed 15616K, reserved 1062912K
  class space    used 1830K, capacity 1956K, committed 2048K, reserved 1048576K
Event: 5.636 GC heap after
Heap after GC invocations=3 (full 0):
 PSYoungGen      total 18944K, used 2544K [0x00000000eb180000, 0x00000000ec680000, 0x0000000100000000)
  eden space 16384K, 0% used [0x00000000eb180000,0x00000000eb180000,0x00000000ec180000)
  from space 2560K, 99% used [0x00000000ec180000,0x00000000ec3fc020,0x00000000ec400000)
  to   space 2560K, 0% used [0x00000000ec400000,0x00000000ec400000,0x00000000ec680000)
 ParOldGen       total 44032K, used 5661K [0x00000000c1400000, 0x00000000c3f00000, 0x00000000eb180000)
  object space 44032K, 12% used [0x00000000c1400000,0x00000000c1987678,0x00000000c3f00000)
 Metaspace       used 14964K, capacity 15444K, committed 15616K, reserved 1062912K
  class space    used 1830K, capacity 1956K, committed 2048K, reserved 1048576K
}

Deoptimization events (10 events):
Event: 5.749 Thread 0x00000251df3fd800 Uncommon trap: reason=class_check action=maybe_recompile pc=0x00000251e122e65c method=java.util.regex.Matcher.search(I)Z @ 86
Event: 5.749 Thread 0x00000251df3fd800 Uncommon trap: reason=class_check action=maybe_recompile pc=0x00000251e11b6664 method=java.util.regex.Pattern$Curly.match(Ljava/util/regex/Matcher;ILjava/lang/CharSequence;)Z @ 19
Event: 5.765 Thread 0x00000251df3fd800 Uncommon trap: reason=class_check action=maybe_recompile pc=0x00000251e11b6664 method=java.util.regex.Pattern$Curly.match(Ljava/util/regex/Matcher;ILjava/lang/CharSequence;)Z @ 19
Event: 5.765 Thread 0x00000251df3fd800 Uncommon trap: reason=class_check action=maybe_recompile pc=0x00000251e11b6664 method=java.util.regex.Pattern$Curly.match(Ljava/util/regex/Matcher;ILjava/lang/CharSequence;)Z @ 19
Event: 5.864 Thread 0x00000251df3fd800 Uncommon trap: reason=unstable_if action=reinterpret pc=0x00000251e110ada8 method=java.util.regex.Pattern$BmpCharProperty.match(Ljava/util/regex/Matcher;ILjava/lang/CharSequence;)Z @ 34
Event: 15.612 Thread 0x00000251df3fd800 Uncommon trap: reason=unstable_if action=reinterpret pc=0x00000251e133267c method=java.util.concurrent.ConcurrentHashMap.putVal(Ljava/lang/Object;Ljava/lang/Object;Z)Ljava/lang/Object; @ 181
Event: 20.217 Thread 0x00000251df3fd800 Uncommon trap: reason=unstable_if action=reinterpret pc=0x00000251e128d268 method=java.util.concurrent.ConcurrentHashMap.get(Ljava/lang/Object;)Ljava/lang/Object; @ 76
Event: 20.404 Thread 0x00000251df3fd800 Uncommon trap: reason=bimorphic action=maybe_recompile pc=0x00000251e118e45c method=java.util.HashMap.putVal(ILjava/lang/Object;Ljava/lang/Object;ZZ)Ljava/lang/Object; @ 203
Event: 20.481 Thread 0x00000251df3fd800 Uncommon trap: reason=bimorphic action=maybe_recompile pc=0x00000251e118e45c method=java.util.HashMap.putVal(ILjava/lang/Object;Ljava/lang/Object;ZZ)Ljava/lang/Object; @ 203
Event: 20.481 Thread 0x00000251df3fd800 Uncommon trap: reason=bimorphic action=maybe_recompile pc=0x00000251e118e45c method=java.util.HashMap.putVal(ILjava/lang/Object;Ljava/lang/Object;ZZ)Ljava/lang/Object; @ 203

Classes redefined (9 events):
Event: 806.628 Thread 0x00000251f3623000 redefined class name=com.qa.test.WorkerTest, count=1
Event: 1244.472 Thread 0x00000251f3623000 redefined class name=com.qa.test.BaseTest, count=1
Event: 1402.281 Thread 0x00000251f3623000 redefined class name=com.qa.test.BaseTest, count=2
Event: 1523.894 Thread 0x00000251f3623000 redefined class name=com.qa.test.WorkerTest, count=4
Event: 1739.189 Thread 0x00000251f3623000 redefined class name=com.qa.page.LoginPage, count=1
Event: 1761.122 Thread 0x00000251f3623000 redefined class name=com.qa.page.LoginPage, count=2
Event: 1824.374 Thread 0x00000251f3623000 redefined class name=com.qa.page.LoginPage, count=3
Event: 1944.645 Thread 0x00000251f3623000 redefined class name=com.qa.page.LoginPage, count=4
Event: 2238.208 Thread 0x00000251f3623000 redefined class name=com.qa.test.WorkerTest, count=5

Internal exceptions (10 events):
Event: 5.366 Thread 0x00000251df3fd800 Exception <a 'java/lang/IncompatibleClassChangeError': Found class java.lang.Object, but interface was expected> (0x00000000ebd02318) thrown at [C:\jenkins\workspace\8-2-build-windows-amd64-cygwin\jdk8u281\880\hotspot\src\share\vm\interpreter\linkResolver
Event: 5.375 Thread 0x00000251df3fd800 Exception <a 'java/lang/NoSuchMethodError': java.lang.Object.lambda$or$2(Ljava/util/function/Predicate;Ljava/lang/Object;)Z> (0x00000000ebd11140) thrown at [C:\jenkins\workspace\8-2-build-windows-amd64-cygwin\jdk8u281\880\hotspot\src\share\vm\interpreter\
Event: 5.510 Thread 0x00000251df3fd800 Exception <a 'java/lang/ArrayIndexOutOfBoundsException': 110> (0x00000000ebe6a278) thrown at [C:\jenkins\workspace\8-2-build-windows-amd64-cygwin\jdk8u281\880\hotspot\src\share\vm\interpreter\interpreterRuntime.cpp, line 371]
Event: 5.510 Thread 0x00000251df3fd800 Exception <a 'java/lang/ArrayIndexOutOfBoundsException': 88> (0x00000000ebe6b9a0) thrown at [C:\jenkins\workspace\8-2-build-windows-amd64-cygwin\jdk8u281\880\hotspot\src\share\vm\interpreter\interpreterRuntime.cpp, line 371]
Event: 5.511 Thread 0x00000251df3fd800 Exception <a 'java/lang/ArrayIndexOutOfBoundsException': 92> (0x00000000ebe727e8) thrown at [C:\jenkins\workspace\8-2-build-windows-amd64-cygwin\jdk8u281\880\hotspot\src\share\vm\interpreter\interpreterRuntime.cpp, line 371]
Event: 5.512 Thread 0x00000251df3fd800 Exception <a 'java/lang/ArrayIndexOutOfBoundsException': 57> (0x00000000ebe79110) thrown at [C:\jenkins\workspace\8-2-build-windows-amd64-cygwin\jdk8u281\880\hotspot\src\share\vm\interpreter\interpreterRuntime.cpp, line 371]
Event: 5.586 Thread 0x00000251df3fd800 Exception <a 'java/lang/NoSuchMethodError': java.lang.Object.lambda$chars$0()Ljava/util/Spliterator$OfInt;> (0x00000000ec09c618) thrown at [C:\jenkins\workspace\8-2-build-windows-amd64-cygwin\jdk8u281\880\hotspot\src\share\vm\interpreter\linkResolver.cpp,
Event: 15.540 Thread 0x00000251df3fd800 Exception <a 'java/lang/NoSuchMethodError': java.lang.Object.lambda$getResponseFunction$0(Lorg/openqa/selenium/remote/InitialHandshakeResponse;)Lorg/openqa/selenium/remote/ProtocolHandshake$Result;> (0x00000000ebc385c8) thrown at [C:\jenkins\workspace\8-2
Event: 16.418 Thread 0x00000251df3fd800 Exception <a 'java/net/SocketTimeoutException': Read timed out> (0x00000000ebdd0ff0) thrown at [C:\jenkins\workspace\8-2-build-windows-amd64-cygwin\jdk8u281\880\hotspot\src\share\vm\prims\jni.cpp, line 737]
Event: 16.778 Thread 0x00000251df3fd800 Exception <a 'java/net/SocketTimeoutException': Read timed out> (0x00000000ebdea918) thrown at [C:\jenkins\workspace\8-2-build-windows-amd64-cygwin\jdk8u281\880\hotspot\src\share\vm\prims\jni.cpp, line 737]

Events (10 events):
Event: 2144.929 Executing VM operation: GetOrSetLocal done
Event: 2238.187 Executing VM operation: RedefineClasses
Event: 2238.208 Executing VM operation: RedefineClasses done
Event: 2238.220 Executing VM operation: ChangeBreakpoints
Event: 2238.221 Executing VM operation: ChangeBreakpoints done
Event: 2239.475 Executing VM operation: GetOwnedMonitorInfo
Event: 2239.475 Executing VM operation: GetOwnedMonitorInfo done
Event: 2239.475 Executing VM operation: GetCurrentContendedMonitor
Event: 2239.476 Executing VM operation: GetCurrentContendedMonitor done
Event: 2239.484 Executing VM operation: GetOrSetLocal


Dynamic libraries:
0x00007ff73b050000 - 0x00007ff73b097000 	C:\Program Files\Java\jre1.8.0_281\bin\javaw.exe
0x00007ffdf2b50000 - 0x00007ffdf2d45000 	C:\WINDOWS\SYSTEM32\ntdll.dll
0x00007ffdf2590000 - 0x00007ffdf264d000 	C:\WINDOWS\System32\KERNEL32.DLL
0x00007ffdf08b0000 - 0x00007ffdf0b78000 	C:\WINDOWS\System32\KERNELBASE.dll
0x00007ffdf24e0000 - 0x00007ffdf258c000 	C:\WINDOWS\System32\ADVAPI32.dll
0x00007ffdf2850000 - 0x00007ffdf28ee000 	C:\WINDOWS\System32\msvcrt.dll
0x00007ffdf1230000 - 0x00007ffdf12cb000 	C:\WINDOWS\System32\sechost.dll
0x00007ffdf2980000 - 0x00007ffdf2aab000 	C:\WINDOWS\System32\RPCRT4.dll
0x00007ffdf0bb0000 - 0x00007ffdf0d50000 	C:\WINDOWS\System32\USER32.dll
0x00007ffdf03e0000 - 0x00007ffdf0402000 	C:\WINDOWS\System32\win32u.dll
0x00007ffdf2790000 - 0x00007ffdf27ba000 	C:\WINDOWS\System32\GDI32.dll
0x00007ffdf0640000 - 0x00007ffdf074b000 	C:\WINDOWS\System32\gdi32full.dll
0x00007ffdf0340000 - 0x00007ffdf03dd000 	C:\WINDOWS\System32\msvcp_win.dll
0x00007ffdf0750000 - 0x00007ffdf0850000 	C:\WINDOWS\System32\ucrtbase.dll
0x00007ffde1d60000 - 0x00007ffde1ffa000 	C:\WINDOWS\WinSxS\amd64_microsoft.windows.common-controls_6595b64144ccf1df_6.0.19041.844_none_ca00b6081b84eb1d\COMCTL32.dll
0x00007ffdf1ea0000 - 0x00007ffdf1ed0000 	C:\WINDOWS\System32\IMM32.DLL
0x00007ffde52a0000 - 0x00007ffde52b5000 	C:\Program Files\Java\jre1.8.0_281\bin\vcruntime140.dll
0x00007ffdb2140000 - 0x00007ffdb21db000 	C:\Program Files\Java\jre1.8.0_281\bin\msvcp140.dll
0x000000005a7b0000 - 0x000000005b00f000 	C:\Program Files\Java\jre1.8.0_281\bin\server\jvm.dll
0x00007ffdf0d50000 - 0x00007ffdf0d58000 	C:\WINDOWS\System32\PSAPI.DLL
0x00007ffde6b60000 - 0x00007ffde6b6a000 	C:\WINDOWS\SYSTEM32\VERSION.dll
0x00007ffde23a0000 - 0x00007ffde23c7000 	C:\WINDOWS\SYSTEM32\WINMM.dll
0x00007ffdee240000 - 0x00007ffdee249000 	C:\WINDOWS\SYSTEM32\WSOCK32.dll
0x00007ffdf28f0000 - 0x00007ffdf295b000 	C:\WINDOWS\System32\WS2_32.dll
0x00007ffdeeb20000 - 0x00007ffdeeb32000 	C:\WINDOWS\SYSTEM32\kernel.appcore.dll
0x00007ffde5ef0000 - 0x00007ffde5f00000 	C:\Program Files\Java\jre1.8.0_281\bin\verify.dll
0x00007ffde2010000 - 0x00007ffde203b000 	C:\Program Files\Java\jre1.8.0_281\bin\java.dll
0x00007ffdc2880000 - 0x00007ffdc28b6000 	C:\Program Files\Java\jre1.8.0_281\bin\jdwp.dll
0x00007ffde6ee0000 - 0x00007ffde6ee9000 	C:\Program Files\Java\jre1.8.0_281\bin\npt.dll
0x00007ffde5200000 - 0x00007ffde5218000 	C:\Program Files\Java\jre1.8.0_281\bin\zip.dll
0x00007ffdf12d0000 - 0x00007ffdf1a12000 	C:\WINDOWS\System32\SHELL32.dll
0x00007ffdee370000 - 0x00007ffdeeb01000 	C:\WINDOWS\SYSTEM32\windows.storage.dll
0x00007ffdf1b40000 - 0x00007ffdf1e95000 	C:\WINDOWS\System32\combase.dll
0x00007ffdefd00000 - 0x00007ffdefd2c000 	C:\WINDOWS\SYSTEM32\Wldp.dll
0x00007ffdf0e10000 - 0x00007ffdf0ebe000 	C:\WINDOWS\System32\SHCORE.dll
0x00007ffdf0f40000 - 0x00007ffdf0f95000 	C:\WINDOWS\System32\shlwapi.dll
0x00007ffdf01d0000 - 0x00007ffdf01ef000 	C:\WINDOWS\SYSTEM32\profapi.dll
0x00007ffde4ff0000 - 0x00007ffde4ffa000 	C:\Program Files\Java\jre1.8.0_281\bin\dt_socket.dll
0x00007ffde5fa0000 - 0x00007ffde5fb7000 	C:\WINDOWS\system32\napinsp.dll
0x00007ffde50b0000 - 0x00007ffde50cb000 	C:\WINDOWS\system32\pnrpnsp.dll
0x00007ffdd7130000 - 0x00007ffdd7145000 	C:\WINDOWS\system32\wshbth.dll
0x00007ffdecd50000 - 0x00007ffdecd6d000 	C:\WINDOWS\system32\NLAapi.dll
0x00007ffdef710000 - 0x00007ffdef74b000 	C:\WINDOWS\SYSTEM32\IPHLPAPI.DLL
0x00007ffdefa70000 - 0x00007ffdefada000 	C:\WINDOWS\System32\mswsock.dll
0x00007ffdef750000 - 0x00007ffdef81c000 	C:\WINDOWS\SYSTEM32\DNSAPI.dll
0x00007ffdf2650000 - 0x00007ffdf2658000 	C:\WINDOWS\System32\NSI.dll
0x00007ffde1b50000 - 0x00007ffde1b62000 	C:\WINDOWS\System32\winrnr.dll
0x00007ffde1550000 - 0x00007ffde15cf000 	C:\WINDOWS\System32\fwpuclnt.dll
0x00007ffdf0b80000 - 0x00007ffdf0ba7000 	C:\WINDOWS\System32\bcrypt.dll
0x00007ffde0250000 - 0x00007ffde025a000 	C:\Windows\System32\rasadhlp.dll
0x00007ffde6f90000 - 0x00007ffde6fac000 	C:\Program Files\Java\jre1.8.0_281\bin\net.dll
0x00007ffdefc40000 - 0x00007ffdefc58000 	C:\WINDOWS\SYSTEM32\CRYPTSP.dll
0x00007ffdef3a0000 - 0x00007ffdef3d4000 	C:\WINDOWS\system32\rsaenh.dll
0x00007ffdf0150000 - 0x00007ffdf017e000 	C:\WINDOWS\SYSTEM32\USERENV.dll
0x00007ffdf0410000 - 0x00007ffdf0490000 	C:\WINDOWS\System32\bcryptprimitives.dll
0x00007ffdefc60000 - 0x00007ffdefc6c000 	C:\WINDOWS\SYSTEM32\CRYPTBASE.dll
0x00007ffde6af0000 - 0x00007ffde6b07000 	C:\WINDOWS\SYSTEM32\dhcpcsvc6.DLL
0x00007ffde7400000 - 0x00007ffde741d000 	C:\WINDOWS\SYSTEM32\dhcpcsvc.DLL
0x00007ffde6f70000 - 0x00007ffde6f83000 	C:\Program Files\Java\jre1.8.0_281\bin\nio.dll
0x00007ffdda180000 - 0x00007ffdda1a4000 	C:\Program Files\Java\jre1.8.0_281\bin\sunec.dll
0x00007ffde99d0000 - 0x00007ffde99dd000 	C:\Program Files\Java\jre1.8.0_281\bin\sunmscapi.dll
0x00007ffdf0490000 - 0x00007ffdf05ef000 	C:\WINDOWS\System32\CRYPT32.dll
0x00007ffdefd70000 - 0x00007ffdefd97000 	C:\WINDOWS\SYSTEM32\ncrypt.dll
0x00007ffdefd30000 - 0x00007ffdefd6b000 	C:\WINDOWS\SYSTEM32\NTASN1.dll
0x00007ffdedf00000 - 0x00007ffdee0e4000 	C:\WINDOWS\SYSTEM32\dbghelp.dll

VM Arguments:
jvm_args: -agentlib:jdwp=transport=dt_socket,suspend=y,address=localhost:63275 -ea -Dfile.encoding=Cp1252 
java_command: org.testng.remote.RemoteTestNG -serport 63273 -protocol json -d C:\Users\Sasi\eclipse-workspace\Payroll\test-output C:\Users\Sasi\AppData\Local\Temp\testng-eclipse-117433717\testng-customsuite.xml
java_class_path (initial): D:\PhotonEclipse\eclipse\configuration\org.eclipse.osgi\526\0\.cp\lib\testng-remote.jar;C:\Program Files\Java\jre1.8.0_281\lib\resources.jar;C:\Program Files\Java\jre1.8.0_281\lib\rt.jar;C:\Program Files\Java\jre1.8.0_281\lib\jsse.jar;C:\Program Files\Java\jre1.8.0_281\lib\jce.jar;C:\Program Files\Java\jre1.8.0_281\lib\charsets.jar;C:\Program Files\Java\jre1.8.0_281\lib\jfr.jar;C:\Program Files\Java\jre1.8.0_281\lib\ext\access-bridge-64.jar;C:\Program Files\Java\jre1.8.0_281\lib\ext\cldrdata.jar;C:\Program Files\Java\jre1.8.0_281\lib\ext\dnsns.jar;C:\Program Files\Java\jre1.8.0_281\lib\ext\jaccess.jar;C:\Program Files\Java\jre1.8.0_281\lib\ext\jfxrt.jar;C:\Program Files\Java\jre1.8.0_281\lib\ext\localedata.jar;C:\Program Files\Java\jre1.8.0_281\lib\ext\nashorn.jar;C:\Program Files\Java\jre1.8.0_281\lib\ext\sunec.jar;C:\Program Files\Java\jre1.8.0_281\lib\ext\sunjce_provider.jar;C:\Program Files\Java\jre1.8.0_281\lib\ext\sunmscapi.jar;C:\Program Files\Java\jre1.8.0_281\lib\ext\sunpkcs11.jar;C:\Program Files\Java\jre1.8.0_281\lib\ext\zipfs.jar;C:\Users\Sasi\eclipse-workspace\Payroll\target\test-classes;C:\Users\Sasi\eclipse-workspace\Payroll\target\classes;D:\PhotonEclipse\eclipse\plugins\org.testng_6.14.3.r201802240500.jar;D:\PhotonEclipse\eclipse\plugins\com.beust.jcommander_1.72.0.jar;D:\PhotonEclipse\eclipse\plugins\org.apache-extras.beanshell.bsh_2.0.0.b6.jar;D:\PhotonEclipse\eclipse\plugins\org.yaml.snakeyaml_1.17.0.jar;C:\Users\Sasi\.m2\repository\org\apache\poi\poi\3.7\poi-3.7.jar;C:\Users\Sasi\.m2\repository\org\apache\poi\poi-ooxml\3.7\poi-ooxml-3.7.jar;C:\Users\Sasi\.m2\repository\org\apache\poi\poi-ooxml-schemas\3.7\poi-ooxml-schemas-3.7.jar;C:\Users\Sasi\.m2\repository\org\apache\xmlbeans\xmlbeans\2.3.0\xmlbeans-2.3.0.jar;C:\Users\Sasi\.m2\repository\stax\stax-api\1.0.1\stax-api-1.0.1.jar;C:\Users\Sasi\.m2\repository\org\apache\geronimo\specs\geronimo-stax-api_1.0_spec\1.0\geronimo-stax-api_1.0_spec-1.0.jar;C:\Users\Sasi\.m2\r
Launcher Type: SUN_STANDARD

Environment Variables:
PATH=C:/Program Files/Java/jre1.8.0_281/bin/server;C:/Program Files/Java/jre1.8.0_281/bin;C:/Program Files/Java/jre1.8.0_281/lib/amd64;C:\Program Files (x86)\Common Files\Oracle\Java\javapath;C:\Program Files (x86)\Intel\iCLS Client\;C:\Program Files\Intel\iCLS Client\;C:\WINDOWS\system32;C:\WINDOWS;C:\WINDOWS\System32\Wbem;C:\WINDOWS\System32\WindowsPowerShell\v1.0\;C:\Program Files (x86)\Intel\Intel(R) Management Engine Components\DAL;C:\Program Files\Intel\Intel(R) Management Engine Components\DAL;C:\Program Files (x86)\Intel\Intel(R) Management Engine Components\IPT;C:\Program Files\Intel\Intel(R) Management Engine Components\IPT;c:\Program Files (x86)\ATI Technologies\ATI.ACE\Core-Static;C:\WINDOWS\System32\OpenSSH\;"C:\Users\Sasi\AppData\Local\Microsoft\WindowsApps;C:\Program Files\Java\jdk1.8.0_281\bin";;D:\PhotonEclipse\eclipse;
USERNAME=Sasi
OS=Windows_NT
PROCESSOR_IDENTIFIER=Intel64 Family 6 Model 61 Stepping 4, GenuineIntel



---------------  S Y S T E M  ---------------

OS: Windows 10.0 , 64 bit Build 19041 (10.0.19041.928)

CPU:total 4 (initial active 4) (2 cores per cpu, 2 threads per core) family 6 model 61 stepping 4, cmov, cx8, fxsr, mmx, sse, sse2, sse3, ssse3, sse4.1, sse4.2, popcnt, avx, avx2, aes, clmul, erms, 3dnowpref, lzcnt, ht, tsc, tscinvbit, bmi1, bmi2, adx

Memory: 4k page, physical 4107276k(485964k free), swap 8825868k(2838316k free)

vm_info: Java HotSpot(TM) 64-Bit Server VM (25.281-b09) for windows-amd64 JRE (1.8.0_281-b09), built on Dec  9 2020 13:54:07 by "" with MS VC++ 15.9 (VS2017)

time: Wed May  5 19:23:31 2021
timezone: India Standard Time
elapsed time: 2239.967505 seconds (0d 0h 37m 19s)

